<?xml version="1.0" encoding="UTF-8"?>
<robot generator="Robot 6.0.1 (Python 3.11.1 on win32)" generated="20230114 13:51:07.580" rpa="false" schemaversion="3">
<suite id="s1" name="dropDowns" source="C:\Users\Admin\PycharmProjects\YouTube\TestCases\dropDowns.robot">
<test id="s1-t1" name="Testing dropDown menu" line="8">
<kw name="Open Browser" library="SeleniumLibrary">
<arg>${url}</arg>
<arg>${browser}</arg>
<doc>Opens a new browser instance to the optional ``url``.</doc>
<msg timestamp="20230114 13:51:07.897" level="INFO">Opening browser 'firefox' to base url 'https://the-internet.herokuapp.com/'.</msg>
<msg timestamp="20230114 13:51:07.897" level="INFO">Firefox driver log is always forced to to: C:\Users\Admin\PycharmProjects\YouTube\results\geckodriver-29.log</msg>
<status status="PASS" starttime="20230114 13:51:07.897" endtime="20230114 13:51:16.615"/>
</kw>
<kw name="Maximize Browser Window" library="SeleniumLibrary">
<doc>Maximizes current browser window.</doc>
<status status="PASS" starttime="20230114 13:51:16.615" endtime="20230114 13:51:16.881"/>
</kw>
<kw name="Title Should Be" library="SeleniumLibrary">
<arg>The Internet</arg>
<doc>Verifies that the current page title equals ``title``.</doc>
<msg timestamp="20230114 13:51:16.884" level="INFO">Page title is 'The Internet'.</msg>
<status status="PASS" starttime="20230114 13:51:16.882" endtime="20230114 13:51:16.884"/>
</kw>
<kw name="Click Link" library="SeleniumLibrary">
<arg>xpath=//a[@href="/dropdown"]</arg>
<doc>Clicks a link identified by ``locator``.</doc>
<msg timestamp="20230114 13:51:16.885" level="INFO">Clicking link 'xpath=//a[@href="/dropdown"]'.</msg>
<status status="PASS" starttime="20230114 13:51:16.885" endtime="20230114 13:51:17.217"/>
</kw>
<kw name="Select From List By Label" library="SeleniumLibrary">
<arg>dropdown</arg>
<arg>Option 1</arg>
<doc>Selects options from selection list ``locator`` by ``labels``.</doc>
<msg timestamp="20230114 13:51:17.220" level="INFO">Selecting options from selection list 'dropdown' by label Option 1.</msg>
<status status="PASS" starttime="20230114 13:51:17.219" endtime="20230114 13:51:17.504"/>
</kw>
<kw name="Sleep" library="BuiltIn">
<arg>0.5</arg>
<doc>Pauses the test executed for the given time.</doc>
<msg timestamp="20230114 13:51:18.007" level="INFO">Slept 500 milliseconds</msg>
<status status="PASS" starttime="20230114 13:51:17.505" endtime="20230114 13:51:18.007"/>
</kw>
<kw name="Select From List By Index" library="SeleniumLibrary">
<arg>dropdown</arg>
<arg>2</arg>
<doc>Selects options from selection list ``locator`` by ``indexes``.</doc>
<msg timestamp="20230114 13:51:18.007" level="INFO">Selecting options from selection list 'dropdown' by index 2.</msg>
<status status="PASS" starttime="20230114 13:51:18.007" endtime="20230114 13:51:18.274"/>
</kw>
<kw name="Select From List By Value" library="SeleniumLibrary">
<arg>dropdown</arg>
<arg>1</arg>
<doc>Selects options from selection list ``locator`` by ``values``.</doc>
<msg timestamp="20230114 13:51:18.274" level="INFO">Selecting options from selection list 'dropdown' by value 1.</msg>
<status status="PASS" starttime="20230114 13:51:18.274" endtime="20230114 13:51:18.506"/>
</kw>
<status status="PASS" starttime="20230114 13:51:07.897" endtime="20230114 13:51:18.506"/>
</test>
<status status="PASS" starttime="20230114 13:51:07.580" endtime="20230114 13:51:18.506"/>
</suite>
<statistics>
<total>
<stat pass="1" fail="0" skip="0">All Tests</stat>
</total>
<tag>
</tag>
<suite>
<stat pass="1" fail="0" skip="0" id="s1" name="dropDowns">dropDowns</stat>
</suite>
</statistics>
<errors>
</errors>
</robot>
